# JRE version: Java(TM) SE Runtime Environment (8.0_111-b14) (build 1.8.0_111-b14)
# Java VM: Java HotSpot(TM) 64-Bit Server VM (25.111-b14 mixed mode windows-amd64 compressed oops)
Heap:
 PSYoungGen      total 202240K, used 165185K [0x00000000eab00000, 0x00000000fd500000, 0x0000000100000000)
  eden space 179712K, 79% used [0x00000000eab00000,0x00000000f36573f8,0x00000000f5a80000)
  from space 22528K, 99% used [0x00000000f8000000,0x00000000f95f92c0,0x00000000f9600000)
  to   space 38400K, 0% used [0x00000000f5a80000,0x00000000f5a80000,0x00000000f8000000)
 ParOldGen       total 151040K, used 63218K [0x00000000c0000000, 0x00000000c9380000, 0x00000000eab00000)
  object space 151040K, 41% used [0x00000000c0000000,0x00000000c3dbc8f0,0x00000000c9380000)
 Metaspace       used 75257K, capacity 77762K, committed 77952K, reserved 1116160K
  class space    used 10047K, capacity 10604K, committed 10624K, reserved 1048576K
GC Heap History (10 events):
Event: 43.285 GC heap before
{Heap before GC invocations=19 (full 3):
 PSYoungGen      total 166400K, used 149584K [0x00000000eab00000, 0x00000000f8080000, 0x0000000100000000)
  eden space 142848K, 100% used [0x00000000eab00000,0x00000000f3680000,0x00000000f3680000)
  from space 23552K, 28% used [0x00000000f3680000,0x00000000f3d14188,0x00000000f4d80000)
  to   space 23040K, 0% used [0x00000000f6a00000,0x00000000f6a00000,0x00000000f8080000)
 ParOldGen       total 151040K, used 40707K [0x00000000c0000000, 0x00000000c9380000, 0x00000000eab00000)
  object space 151040K, 26% used [0x00000000c0000000,0x00000000c27c0d18,0x00000000c9380000)
 Metaspace       used 60972K, capacity 62988K, committed 63232K, reserved 1103872K
  class space    used 8349K, capacity 8863K, committed 8960K, reserved 1048576K
Event: 43.301 GC heap after
Heap after GC invocations=19 (full 3):
 PSYoungGen      total 195584K, used 4607K [0x00000000eab00000, 0x00000000f8000000, 0x0000000100000000)
  eden space 173056K, 0% used [0x00000000eab00000,0x00000000eab00000,0x00000000f5400000)
  from space 22528K, 20% used [0x00000000f6a00000,0x00000000f6e7fd20,0x00000000f8000000)
  to   space 22528K, 0% used [0x00000000f5400000,0x00000000f5400000,0x00000000f6a00000)
 ParOldGen       total 151040K, used 40715K [0x00000000c0000000, 0x00000000c9380000, 0x00000000eab00000)
  object space 151040K, 26% used [0x00000000c0000000,0x00000000c27c2d18,0x00000000c9380000)
 Metaspace       used 60972K, capacity 62988K, committed 63232K, reserved 1103872K
  class space    used 8349K, capacity 8863K, committed 8960K, reserved 1048576K
}
Event: 49.731 GC heap before
{Heap before GC invocations=20 (full 3):
 PSYoungGen      total 195584K, used 177663K [0x00000000eab00000, 0x00000000f8000000, 0x0000000100000000)
  eden space 173056K, 100% used [0x00000000eab00000,0x00000000f5400000,0x00000000f5400000)
  from space 22528K, 20% used [0x00000000f6a00000,0x00000000f6e7fd20,0x00000000f8000000)
  to   space 22528K, 0% used [0x00000000f5400000,0x00000000f5400000,0x00000000f6a00000)
 ParOldGen       total 151040K, used 40715K [0x00000000c0000000, 0x00000000c9380000, 0x00000000eab00000)
  object space 151040K, 26% used [0x00000000c0000000,0x00000000c27c2d18,0x00000000c9380000)
 Metaspace       used 66498K, capacity 68402K, committed 68608K, reserved 1107968K
  class space    used 8969K, capacity 9472K, committed 9472K, reserved 1048576K
Event: 49.766 GC heap after
Heap after GC invocations=20 (full 3):
 PSYoungGen      total 195584K, used 12791K [0x00000000eab00000, 0x00000000f9600000, 0x0000000100000000)
  eden space 173056K, 0% used [0x00000000eab00000,0x00000000eab00000,0x00000000f5400000)
  from space 22528K, 56% used [0x00000000f5400000,0x00000000f607dd10,0x00000000f6a00000)
  to   space 22528K, 0% used [0x00000000f8000000,0x00000000f8000000,0x00000000f9600000)
 ParOldGen       total 151040K, used 40723K [0x00000000c0000000, 0x00000000c9380000, 0x00000000eab00000)
  object space 151040K, 26% used [0x00000000c0000000,0x00000000c27c4d18,0x00000000c9380000)
 Metaspace       used 66498K, capacity 68402K, committed 68608K, reserved 1107968K
  class space    used 8969K, capacity 9472K, committed 9472K, reserved 1048576K
}
Event: 53.673 GC heap before
{Heap before GC invocations=21 (full 3):
 PSYoungGen      total 195584K, used 185847K [0x00000000eab00000, 0x00000000f9600000, 0x0000000100000000)
  eden space 173056K, 100% used [0x00000000eab00000,0x00000000f5400000,0x00000000f5400000)
  from space 22528K, 56% used [0x00000000f5400000,0x00000000f607dd10,0x00000000f6a00000)
  to   space 22528K, 0% used [0x00000000f8000000,0x00000000f8000000,0x00000000f9600000)
 ParOldGen       total 151040K, used 40723K [0x00000000c0000000, 0x00000000c9380000, 0x00000000eab00000)
  object space 151040K, 26% used [0x00000000c0000000,0x00000000c27c4d18,0x00000000c9380000)
 Metaspace       used 66534K, capacity 68408K, committed 68736K, reserved 1107968K
  class space    used 8972K, capacity 9473K, committed 9600K, reserved 1048576K
Event: 53.767 GC heap after
Heap after GC invocations=21 (full 3):
 PSYoungGen      total 215040K, used 21734K [0x00000000eab00000, 0x00000000fa200000, 0x0000000100000000)
  eden space 192512K, 0% used [0x00000000eab00000,0x00000000eab00000,0x00000000f6700000)
  from space 22528K, 96% used [0x00000000f8000000,0x00000000f95399f8,0x00000000f9600000)
  to   space 25600K, 0% used [0x00000000f6700000,0x00000000f6700000,0x00000000f8000000)
 ParOldGen       total 151040K, used 40731K [0x00000000c0000000, 0x00000000c9380000, 0x00000000eab00000)
  object space 151040K, 26% used [0x00000000c0000000,0x00000000c27c6d18,0x00000000c9380000)
 Metaspace       used 66534K, capacity 68408K, committed 68736K, reserved 1107968K
  class space    used 8972K, capacity 9473K, committed 9600K, reserved 1048576K
}
Event: 59.722 GC heap before
{Heap before GC invocations=22 (full 3):
 PSYoungGen      total 215040K, used 214246K [0x00000000eab00000, 0x00000000fa200000, 0x0000000100000000)
  eden space 192512K, 100% used [0x00000000eab00000,0x00000000f6700000,0x00000000f6700000)
  from space 22528K, 96% used [0x00000000f8000000,0x00000000f95399f8,0x00000000f9600000)
  to   space 25600K, 0% used [0x00000000f6700000,0x00000000f6700000,0x00000000f8000000)
 ParOldGen       total 151040K, used 40731K [0x00000000c0000000, 0x00000000c9380000, 0x00000000eab00000)
  object space 151040K, 26% used [0x00000000c0000000,0x00000000c27c6d18,0x00000000c9380000)
 Metaspace       used 74551K, capacity 76930K, committed 77184K, reserved 1116160K
  class space    used 9977K, capacity 10536K, committed 10624K, reserved 1048576K
Event: 59.780 GC heap after
Heap after GC invocations=22 (full 3):
 PSYoungGen      total 218112K, used 25590K [0x00000000eab00000, 0x00000000fa200000, 0x0000000100000000)
  eden space 192512K, 0% used [0x00000000eab00000,0x00000000eab00000,0x00000000f6700000)
  from space 25600K, 99% used [0x00000000f6700000,0x00000000f7ffda20,0x00000000f8000000)
  to   space 22528K, 0% used [0x00000000f8000000,0x00000000f8000000,0x00000000f9600000)
 ParOldGen       total 151040K, used 56748K [0x00000000c0000000, 0x00000000c9380000, 0x00000000eab00000)
  object space 151040K, 37% used [0x00000000c0000000,0x00000000c376b2d8,0x00000000c9380000)
 Metaspace       used 74551K, capacity 76930K, committed 77184K, reserved 1116160K
  class space    used 9977K, capacity 10536K, committed 10624K, reserved 1048576K
}
Event: 61.094 GC heap before
{Heap before GC invocations=23 (full 3):
 PSYoungGen      total 218112K, used 218102K [0x00000000eab00000, 0x00000000fa200000, 0x0000000100000000)
  eden space 192512K, 100% used [0x00000000eab00000,0x00000000f6700000,0x00000000f6700000)
  from space 25600K, 99% used [0x00000000f6700000,0x00000000f7ffda20,0x00000000f8000000)
  to   space 22528K, 0% used [0x00000000f8000000,0x00000000f8000000,0x00000000f9600000)
 ParOldGen       total 151040K, used 56748K [0x00000000c0000000, 0x00000000c9380000, 0x00000000eab00000)
  object space 151040K, 37% used [0x00000000c0000000,0x00000000c376b2d8,0x00000000c9380000)
 Metaspace       used 75175K, capacity 77626K, committed 77696K, reserved 1116160K
  class space    used 10041K, capacity 10604K, committed 10624K, reserved 1048576K
Event: 61.128 GC heap after
Heap after GC invocations=23 (full 3):
 PSYoungGen      total 202240K, used 22500K [0x00000000eab00000, 0x00000000fd500000, 0x0000000100000000)
  eden space 179712K, 0% used [0x00000000eab00000,0x00000000eab00000,0x00000000f5a80000)
  from space 22528K, 99% used [0x00000000f8000000,0x00000000f95f92c0,0x00000000f9600000)
  to   space 38400K, 0% used [0x00000000f5a80000,0x00000000f5a80000,0x00000000f8000000)
 ParOldGen       total 151040K, used 63218K [0x00000000c0000000, 0x00000000c9380000, 0x00000000eab00000)
  object space 151040K, 41% used [0x00000000c0000000,0x00000000c3dbc8f0,0x00000000c9380000)
 Metaspace       used 75175K, capacity 77626K, committed 77696K, reserved 1116160K
  class space    used 10041K, capacity 10604K, committed 10624K, reserved 1048576K
}

