# JRE version: Java(TM) SE Runtime Environment (8.0_111-b14) (build 1.8.0_111-b14)
# Java VM: Java HotSpot(TM) 64-Bit Server VM (25.111-b14 mixed mode windows-amd64 compressed oops)
Heap:
 PSYoungGen      total 144896K, used 89534K [0x00000000eab00000, 0x00000000f5e00000, 0x0000000100000000)
  eden space 116736K, 66% used [0x00000000eab00000,0x00000000ef6dd020,0x00000000f1d00000)
  from space 28160K, 42% used [0x00000000f4280000,0x00000000f4e12b30,0x00000000f5e00000)
  to   space 33280K, 0% used [0x00000000f1d00000,0x00000000f1d00000,0x00000000f3d80000)
 ParOldGen       total 119808K, used 43866K [0x00000000c0000000, 0x00000000c7500000, 0x00000000eab00000)
  object space 119808K, 36% used [0x00000000c0000000,0x00000000c2ad6b08,0x00000000c7500000)
 Metaspace       used 63631K, capacity 65534K, committed 65832K, reserved 1105920K
  class space    used 8429K, capacity 8916K, committed 9008K, reserved 1048576K
GC Heap History (10 events):
Event: 266.574 GC heap before
{Heap before GC invocations=29 (full 2):
 PSYoungGen      total 159232K, used 154297K [0x00000000eab00000, 0x00000000f6680000, 0x0000000100000000)
  eden space 131584K, 100% used [0x00000000eab00000,0x00000000f2b80000,0x00000000f2b80000)
  from space 27648K, 82% used [0x00000000f4a80000,0x00000000f60ae7f8,0x00000000f6580000)
  to   space 30208K, 0% used [0x00000000f2b80000,0x00000000f2b80000,0x00000000f4900000)
 ParOldGen       total 93184K, used 28850K [0x00000000c0000000, 0x00000000c5b00000, 0x00000000eab00000)
  object space 93184K, 30% used [0x00000000c0000000,0x00000000c1c2ca58,0x00000000c5b00000)
 Metaspace       used 57758K, capacity 59154K, committed 59160K, reserved 1099776K
  class space    used 7541K, capacity 7981K, committed 7984K, reserved 1048576K
Event: 266.597 GC heap after
Heap after GC invocations=29 (full 2):
 PSYoungGen      total 150528K, used 22666K [0x00000000eab00000, 0x00000000f6680000, 0x0000000100000000)
  eden space 127488K, 0% used [0x00000000eab00000,0x00000000eab00000,0x00000000f2780000)
  from space 23040K, 98% used [0x00000000f2b80000,0x00000000f41a2808,0x00000000f4200000)
  to   space 32256K, 0% used [0x00000000f4700000,0x00000000f4700000,0x00000000f6680000)
 ParOldGen       total 93184K, used 28850K [0x00000000c0000000, 0x00000000c5b00000, 0x00000000eab00000)
  object space 93184K, 30% used [0x00000000c0000000,0x00000000c1c2ca58,0x00000000c5b00000)
 Metaspace       used 57758K, capacity 59154K, committed 59160K, reserved 1099776K
  class space    used 7541K, capacity 7981K, committed 7984K, reserved 1048576K
}
Event: 282.434 GC heap before
{Heap before GC invocations=30 (full 2):
 PSYoungGen      total 150528K, used 150154K [0x00000000eab00000, 0x00000000f6680000, 0x0000000100000000)
  eden space 127488K, 100% used [0x00000000eab00000,0x00000000f2780000,0x00000000f2780000)
  from space 23040K, 98% used [0x00000000f2b80000,0x00000000f41a2808,0x00000000f4200000)
  to   space 32256K, 0% used [0x00000000f4700000,0x00000000f4700000,0x00000000f6680000)
 ParOldGen       total 93184K, used 28850K [0x00000000c0000000, 0x00000000c5b00000, 0x00000000eab00000)
  object space 93184K, 30% used [0x00000000c0000000,0x00000000c1c2ca58,0x00000000c5b00000)
 Metaspace       used 57760K, capacity 59154K, committed 59160K, reserved 1099776K
  class space    used 7541K, capacity 7981K, committed 7984K, reserved 1048576K
Event: 282.457 GC heap after
Heap after GC invocations=30 (full 2):
 PSYoungGen      total 155648K, used 22681K [0x00000000eab00000, 0x00000000f6600000, 0x0000000100000000)
  eden space 123904K, 0% used [0x00000000eab00000,0x00000000eab00000,0x00000000f2400000)
  from space 31744K, 71% used [0x00000000f4700000,0x00000000f5d267f8,0x00000000f6600000)
  to   space 33792K, 0% used [0x00000000f2400000,0x00000000f2400000,0x00000000f4500000)
 ParOldGen       total 93184K, used 28850K [0x00000000c0000000, 0x00000000c5b00000, 0x00000000eab00000)
  object space 93184K, 30% used [0x00000000c0000000,0x00000000c1c2ca58,0x00000000c5b00000)
 Metaspace       used 57760K, capacity 59154K, committed 59160K, reserved 1099776K
  class space    used 7541K, capacity 7981K, committed 7984K, reserved 1048576K
}
Event: 315.553 GC heap before
{Heap before GC invocations=31 (full 2):
 PSYoungGen      total 155648K, used 121549K [0x00000000eab00000, 0x00000000f6600000, 0x0000000100000000)
  eden space 123904K, 79% used [0x00000000eab00000,0x00000000f0b8cd48,0x00000000f2400000)
  from space 31744K, 71% used [0x00000000f4700000,0x00000000f5d267f8,0x00000000f6600000)
  to   space 33792K, 0% used [0x00000000f2400000,0x00000000f2400000,0x00000000f4500000)
 ParOldGen       total 93184K, used 28850K [0x00000000c0000000, 0x00000000c5b00000, 0x00000000eab00000)
  object space 93184K, 30% used [0x00000000c0000000,0x00000000c1c2ca58,0x00000000c5b00000)
 Metaspace       used 57769K, capacity 59156K, committed 59160K, reserved 1099776K
  class space    used 7542K, capacity 7982K, committed 7984K, reserved 1048576K
Event: 315.578 GC heap after
Heap after GC invocations=31 (full 2):
 PSYoungGen      total 143360K, used 22568K [0x00000000eab00000, 0x00000000f6480000, 0x0000000100000000)
  eden space 120320K, 0% used [0x00000000eab00000,0x00000000eab00000,0x00000000f2080000)
  from space 23040K, 97% used [0x00000000f2400000,0x00000000f3a0a3a8,0x00000000f3a80000)
  to   space 34816K, 0% used [0x00000000f4280000,0x00000000f4280000,0x00000000f6480000)
 ParOldGen       total 93184K, used 28996K [0x00000000c0000000, 0x00000000c5b00000, 0x00000000eab00000)
  object space 93184K, 31% used [0x00000000c0000000,0x00000000c1c510a0,0x00000000c5b00000)
 Metaspace       used 57769K, capacity 59156K, committed 59160K, reserved 1099776K
  class space    used 7542K, capacity 7982K, committed 7984K, reserved 1048576K
}
Event: 315.578 GC heap before
{Heap before GC invocations=32 (full 3):
 PSYoungGen      total 143360K, used 22568K [0x00000000eab00000, 0x00000000f6480000, 0x0000000100000000)
  eden space 120320K, 0% used [0x00000000eab00000,0x00000000eab00000,0x00000000f2080000)
  from space 23040K, 97% used [0x00000000f2400000,0x00000000f3a0a3a8,0x00000000f3a80000)
  to   space 34816K, 0% used [0x00000000f4280000,0x00000000f4280000,0x00000000f6480000)
 ParOldGen       total 93184K, used 28996K [0x00000000c0000000, 0x00000000c5b00000, 0x00000000eab00000)
  object space 93184K, 31% used [0x00000000c0000000,0x00000000c1c510a0,0x00000000c5b00000)
 Metaspace       used 57769K, capacity 59156K, committed 59160K, reserved 1099776K
  class space    used 7542K, capacity 7982K, committed 7984K, reserved 1048576K
Event: 315.880 GC heap after
Heap after GC invocations=32 (full 3):
 PSYoungGen      total 143360K, used 0K [0x00000000eab00000, 0x00000000f6480000, 0x0000000100000000)
  eden space 120320K, 0% used [0x00000000eab00000,0x00000000eab00000,0x00000000f2080000)
  from space 23040K, 0% used [0x00000000f2400000,0x00000000f2400000,0x00000000f3a80000)
  to   space 34816K, 0% used [0x00000000f4280000,0x00000000f4280000,0x00000000f6480000)
 ParOldGen       total 119808K, used 43858K [0x00000000c0000000, 0x00000000c7500000, 0x00000000eab00000)
  object space 119808K, 36% used [0x00000000c0000000,0x00000000c2ad4b08,0x00000000c7500000)
 Metaspace       used 57646K, capacity 58894K, committed 59160K, reserved 1099776K
  class space    used 7510K, capacity 7896K, committed 7984K, reserved 1048576K
}
Event: 324.612 GC heap before
{Heap before GC invocations=33 (full 3):
 PSYoungGen      total 143360K, used 120320K [0x00000000eab00000, 0x00000000f6480000, 0x0000000100000000)
  eden space 120320K, 100% used [0x00000000eab00000,0x00000000f2080000,0x00000000f2080000)
  from space 23040K, 0% used [0x00000000f2400000,0x00000000f2400000,0x00000000f3a80000)
  to   space 34816K, 0% used [0x00000000f4280000,0x00000000f4280000,0x00000000f6480000)
 ParOldGen       total 119808K, used 43858K [0x00000000c0000000, 0x00000000c7500000, 0x00000000eab00000)
  object space 119808K, 36% used [0x00000000c0000000,0x00000000c2ad4b08,0x00000000c7500000)
 Metaspace       used 63199K, capacity 65086K, committed 65192K, reserved 1105920K
  class space    used 8382K, capacity 8852K, committed 8880K, reserved 1048576K
Event: 324.626 GC heap after
Heap after GC invocations=33 (full 3):
 PSYoungGen      total 144896K, used 11850K [0x00000000eab00000, 0x00000000f5e00000, 0x0000000100000000)
  eden space 116736K, 0% used [0x00000000eab00000,0x00000000eab00000,0x00000000f1d00000)
  from space 28160K, 42% used [0x00000000f4280000,0x00000000f4e12b30,0x00000000f5e00000)
  to   space 33280K, 0% used [0x00000000f1d00000,0x00000000f1d00000,0x00000000f3d80000)
 ParOldGen       total 119808K, used 43866K [0x00000000c0000000, 0x00000000c7500000, 0x00000000eab00000)
  object space 119808K, 36% used [0x00000000c0000000,0x00000000c2ad6b08,0x00000000c7500000)
 Metaspace       used 63199K, capacity 65086K, committed 65192K, reserved 1105920K
  class space    used 8382K, capacity 8852K, committed 8880K, reserved 1048576K
}

